SF:lib/utils/date_utils.dart
DA:2,1
DA:3,2
DA:4,2
DA:5,4
DA:6,4
LF:5
LH:5
end_of_record
SF:lib/models/stock_history_model.dart
DA:8,1
DA:9,1
DA:10,3
DA:11,3
DA:12,5
DA:15,1
DA:16,2
LF:7
LH:7
end_of_record
SF:lib/models/stock_model.dart
DA:8,2
DA:9,1
DA:10,3
DA:13,2
DA:15,2
DA:18,1
DA:19,2
DA:20,2
DA:21,2
DA:22,2
DA:23,2
DA:25,4
DA:26,4
DA:30,1
DA:31,1
DA:32,3
DA:35,1
DA:36,2
DA:37,2
DA:38,2
DA:39,2
DA:40,2
DA:41,2
DA:44,1
DA:45,2
DA:47,2
DA:48,3
DA:50,3
DA:53,1
DA:54,2
DA:56,2
DA:57,3
DA:59,4
LF:33
LH:33
end_of_record
